2023-08-17 19:17:01,980 INFO <module>: Cоздан: matrix1 = [[8, 9, 7], [8, 5, 2], [7, 6, 7]]
2023-08-17 19:17:01,980 INFO <module>: Cоздан: matrix2 = [[8, 9, 7], [8, 5, 2], [7, 6, 7]]
2023-08-17 19:17:01,980 INFO <module>: Cоздан: operation = '+'
2023-08-17 19:17:01,982 INFO <module>: matrix1 + matrix2 = [[16, 18, 14], [16, 10, 4], [14, 12, 14]]
2023-08-17 19:17:16,702 INFO <module>: Cоздан: matrix1 = [[8, 9, 7], [8, 5, 2], [7, 6, 7]]
2023-08-17 19:17:16,703 INFO <module>: Cоздан: matrix2 = [[8, 9, 7], [8, 5, 2], [7, 6, 7]]
2023-08-17 19:17:16,703 INFO <module>: Cоздан: operation = '*'
2023-08-17 19:17:16,704 INFO <module>: matrix1 * matrix2 = [[185, 159, 123], [118, 109, 80], [153, 135, 110]]
2023-08-17 19:17:22,184 INFO <module>: Cоздан: matrix1 = [[8, 9, 7], [8, 5, 2], [7, 6, 7]]
2023-08-17 19:17:22,184 INFO <module>: Cоздан: matrix2 = [[8, 9, 7], [8, 5, 2], [7, 6, 7]]
2023-08-17 19:17:22,184 INFO <module>: Cоздан: operation = '=='
2023-08-17 19:17:22,185 INFO <module>: matrix1 == matrix2 | True
2023-08-17 19:18:12,678 INFO <module>: Cоздан: matrix1 = [[1, 2, 3], [1, 2, 3], [1, 2, 3]]
2023-08-17 19:18:12,679 INFO <module>: Cоздан: matrix2 = [[8, 9, 7], [8, 5, 2], [7, 6, 7]]
2023-08-17 19:18:12,679 INFO <module>: Cоздан: operation = '+'
2023-08-17 19:18:12,680 INFO <module>: matrix1 + matrix2 = [[9, 11, 10], [9, 7, 5], [8, 8, 10]]
2023-08-17 19:18:27,767 INFO <module>: Cоздан: matrix1 = [[1, 2, 3], [1, 2, 3], [1, 2, 3]]
2023-08-17 19:18:27,768 INFO <module>: Cоздан: matrix2 = [[8, 9, 7], [8, 5, 2], [7, 6, 7]]
2023-08-17 19:18:27,768 INFO <module>: Cоздан: operation = '*'
2023-08-17 19:18:27,769 INFO <module>: matrix1 * matrix2 = [[45, 37, 32], [45, 37, 32], [45, 37, 32]]
2023-08-17 19:18:30,962 INFO <module>: Cоздан: matrix1 = [[1, 2, 3], [1, 2, 3], [1, 2, 3]]
2023-08-17 19:18:30,962 INFO <module>: Cоздан: matrix2 = [[8, 9, 7], [8, 5, 2], [7, 6, 7]]
2023-08-17 19:18:30,962 INFO <module>: Cоздан: operation = '=='
2023-08-17 19:18:30,963 INFO <module>: matrix1 == matrix2 | False
2023-08-17 19:19:10,713 INFO <module>: Cоздан: matrix1 = [[1, 2, 3], [1, 2, 3], [1, 2, 3]]
2023-08-17 19:19:10,713 INFO <module>: Cоздан: matrix2 = [[1, 2, 3], [1, 2, 3], [1, 2, 3]]
2023-08-17 19:19:10,713 INFO <module>: Cоздан: operation = '+'
2023-08-17 19:19:10,714 INFO <module>: matrix1 + matrix2 = [[2, 4, 6], [2, 4, 6], [2, 4, 6]]
2023-08-17 19:19:21,091 INFO <module>: Cоздан: matrix1 = [[1, 2, 3], [1, 2, 3], [1, 2, 3]]
2023-08-17 19:19:21,091 INFO <module>: Cоздан: matrix2 = [[1, 2, 3], [1, 2, 3], [1, 2, 3]]
2023-08-17 19:19:21,091 INFO <module>: Cоздан: operation = '*'
2023-08-17 19:19:21,092 INFO <module>: matrix1 * matrix2 = [[6, 12, 18], [6, 12, 18], [6, 12, 18]]
2023-08-17 19:19:24,396 INFO <module>: Cоздан: matrix1 = [[1, 2, 3], [1, 2, 3], [1, 2, 3]]
2023-08-17 19:19:24,397 INFO <module>: Cоздан: matrix2 = [[1, 2, 3], [1, 2, 3], [1, 2, 3]]
2023-08-17 19:19:24,397 INFO <module>: Cоздан: operation = '=='
2023-08-17 19:19:24,398 INFO <module>: matrix1 == matrix2 | True
2023-08-17 19:19:31,581 INFO <module>: Cоздан: matrix1 = [[1, 2, 3], [1, 2, 3], [1, 2, 3]]
2023-08-17 19:19:31,581 INFO <module>: Cоздан: matrix2 = [[1, 2, 3], [1, 2, 3], [1, 2, 4]]
2023-08-17 19:19:31,581 INFO <module>: Cоздан: operation = '=='
2023-08-17 19:19:31,582 INFO <module>: matrix1 == matrix2 | False
2023-08-17 19:19:41,786 INFO <module>: Cоздан: matrix1 = [[1, 2, 3], [1, 2, 3], [1, 2, 3]]
2023-08-17 19:19:41,786 INFO <module>: Cоздан: matrix2 = [[1, 2, 3], [1, 2, 3], [1, 2, 4]]
2023-08-17 19:19:41,786 INFO <module>: Cоздан: operation = '*'
2023-08-17 19:19:41,787 INFO <module>: matrix1 * matrix2 = [[6, 12, 21], [6, 12, 21], [6, 12, 21]]
2023-08-17 19:19:44,342 INFO <module>: Cоздан: matrix1 = [[1, 2, 3], [1, 2, 3], [1, 2, 3]]
2023-08-17 19:19:44,342 INFO <module>: Cоздан: matrix2 = [[1, 2, 3], [1, 2, 3], [1, 2, 4]]
2023-08-17 19:19:44,342 INFO <module>: Cоздан: operation = '+'
2023-08-17 19:19:44,343 INFO <module>: matrix1 + matrix2 = [[2, 4, 6], [2, 4, 6], [2, 4, 7]]
2023-08-17 19:19:53,858 INFO <module>: Cоздан: matrix1 = [[1, 2, 3], [1, 2, 3], [1, 2, 3]]
2023-08-17 19:19:53,858 INFO <module>: Cоздан: matrix2 = [[1, 2, 3], [1, 2, 3], [1, 2, 'd']]
2023-08-17 19:19:53,858 INFO <module>: Cоздан: operation = '+'
2023-08-17 19:19:53,859 ERROR <module>: !! Операции сложения и умножения матриц возможны, если они полностью заполнены числами: [[1, 2, 3], [1, 2, 3], [1, 2, 'd']]!!
2023-08-17 19:19:57,970 INFO <module>: Cоздан: matrix1 = [[1, 2, 3], [1, 2, 3], [1, 2, 3]]
2023-08-17 19:19:57,971 ERROR <module>: !! Данная матрица не возможна: imposter_matrix = '[[1, 2, 3], [1, 2, 3], [1, 2]]'!!
2023-08-17 19:20:55,478 INFO <module>: Cоздан: matrix1 = [[1, 2, 3], [1, 2, 3], [1, 2, 3]]
2023-08-17 19:20:55,478 INFO <module>: Cоздан: matrix2 = [['d', 'a', 's', 'd', 'a', 's']]
2023-08-17 19:20:55,478 INFO <module>: Cоздан: operation = '+'
2023-08-17 19:20:55,479 ERROR <module>: !! Операции сложения и умножения матриц возможны, если они полностью заполнены числами: [['d', 'a', 's', 'd', 'a', 's']]!!
2023-08-17 19:21:07,339 INFO <module>: Cоздан: matrix1 = [[1, 2, 3], [1, 2, 3], [1, 2, 3]]
2023-08-17 19:21:07,339 ERROR <module>: !! Данная матрица не возможна: imposter_matrix = '[[1, 2, 3, 2, 1], [1, 2, 3, 2, 1, 3, 1], [1, 2, 3, 1, 2]]'!!
2023-08-17 19:21:20,333 INFO <module>: Cоздан: matrix1 = [[1, 2, 3], [1, 2, 3], [1, 2, 3]]
2023-08-17 19:21:20,333 INFO <module>: Cоздан: matrix2 = [[1, 2, 3, 2, 1], [1, 2, 3, 2, 1], [1, 2, 3, 1, 2]]
2023-08-17 19:21:20,333 INFO <module>: Cоздан: operation = '+'
2023-08-17 19:21:20,334 ERROR <module>: !! Матрицы разных размеров невозможно сложить: m1 = [[1, 2, 3], [1, 2, 3], [1, 2, 3]], m2 = [[1, 2, 3, 2, 1], [1, 2, 3, 2, 1], [1, 2, 3, 1, 2]]!!
2023-08-17 19:21:30,558 INFO <module>: Cоздан: matrix1 = [[1, 2, 3], [1, 2, 3], [1, 2, 3]]
2023-08-17 19:21:30,558 INFO <module>: Cоздан: matrix2 = [[1, 2, 3, 2, 1], [1, 2, 3, 2, 1], [1, 2, 3, 1, 2]]
2023-08-17 19:21:30,558 INFO <module>: Cоздан: operation = '*'
2023-08-17 19:21:30,559 INFO <module>: matrix1 * matrix2 = [[6, 12, 18, 9, 9], [6, 12, 18, 9, 9], [6, 12, 18, 9, 9]]
2023-08-17 19:21:49,530 INFO <module>: Cоздан: matrix1 = [[1, 2, 3], [1, 2, 3]]
2023-08-17 19:21:49,530 INFO <module>: Cоздан: matrix2 = [[1, 2, 3, 2, 1], [1, 2, 3, 2, 1], [1, 2, 3, 1, 2]]
2023-08-17 19:21:49,530 INFO <module>: Cоздан: operation = '*'
2023-08-17 19:21:49,531 INFO <module>: matrix1 * matrix2 = [[6, 12, 18, 9, 9], [6, 12, 18, 9, 9]]
2023-08-17 19:22:07,352 INFO <module>: Cоздан: matrix1 = [[1, 2, 3], [1, 2, 3]]
2023-08-17 19:22:07,352 INFO <module>: Cоздан: matrix2 = [[1, 2, 3, 2], [1, 2, 3, 2], [1, 2, 3, 1]]
2023-08-17 19:22:07,352 INFO <module>: Cоздан: operation = '*'
2023-08-17 19:22:07,353 INFO <module>: matrix1 * matrix2 = [[6, 12, 18, 9], [6, 12, 18, 9]]
2023-08-17 19:22:15,032 INFO <module>: Cоздан: matrix1 = [[1, 2, 3], [1, 2, 3]]
2023-08-17 19:22:15,032 INFO <module>: Cоздан: matrix2 = [[1, 2, 3, 2], [1, 2, 3, 2], [1, 2, 3, 1], [1, 2, 3, 4]]
2023-08-17 19:22:15,032 INFO <module>: Cоздан: operation = '*'
2023-08-17 19:22:15,033 ERROR <module>: !! Данные матрицы невозможно перемножить: m1 = [[1, 2, 3], [1, 2, 3]], m2 = [[1, 2, 3, 2], [1, 2, 3, 2], [1, 2, 3, 1], [1, 2, 3, 4]]!!
2023-08-17 19:23:38,637 INFO <module>: Cоздан: matrix1 = [['a', 'b', 'c'], ['a', 'b', 'c']]
2023-08-17 19:23:38,637 INFO <module>: Cоздан: matrix2 = [['a', 'b', 'c'], ['a', 'b', 'c']]
2023-08-17 19:23:38,637 INFO <module>: Cоздан: operation = '*'
2023-08-17 19:23:38,638 ERROR <module>: !! Операции сложения и умножения матриц возможны, если они полностью заполнены числами: [['a', 'b', 'c'], ['a', 'b', 'c']]!!
2023-08-17 19:23:54,809 INFO <module>: Cоздан: matrix1 = [['a', 'b', 'c'], ['a', 'b', 'c']]
2023-08-17 19:23:54,809 INFO <module>: Cоздан: matrix2 = [['a', 'b', 'c'], ['a', 'b', 'c']]
2023-08-17 19:23:54,809 INFO <module>: Cоздан: operation = '=='
2023-08-17 19:23:54,811 INFO <module>: matrix1 == matrix2 | True
2023-08-17 19:24:08,760 INFO <module>: Cоздан: matrix1 = [['a', 'b', 'c'], ['a', 'b', 'c']]
2023-08-17 19:24:08,760 INFO <module>: Cоздан: matrix2 = [['a', 'b', 'c'], ['a', 'b', 'c']]
2023-08-17 19:24:08,760 INFO <module>: Cоздан: operation = '=='
2023-08-17 19:24:08,762 INFO <module>: matrix1 == matrix2 | True
2023-08-17 19:24:13,960 INFO <module>: Cоздан: matrix1 = [['a', 'b', 'c'], ['a', 'b', 'c']]
2023-08-17 19:24:13,960 INFO <module>: Cоздан: matrix2 = [['a', 'b', 'c'], ['a', 'b', 'd']]
2023-08-17 19:24:13,960 INFO <module>: Cоздан: operation = '=='
2023-08-17 19:24:13,961 INFO <module>: matrix1 == matrix2 | False
