2023-08-17 19:12:34,835 INFO <module>: Cоздан: квадрат со сторонами 10 и 10
2023-08-17 19:12:34,835 INFO <module>: Получен: area = 100
2023-08-17 19:12:34,835 INFO <module>: Получен: perimeter = 40
2023-08-17 19:14:44,543 INFO <module>: Cоздан: квадрат со сторонами 10 и 10
2023-08-17 19:14:44,543 INFO <module>: Получен: area = 100
2023-08-17 19:14:44,543 INFO <module>: Получен: perimeter = 40
2023-08-17 19:15:10,281 INFO <module>: Cоздан: квадрат со сторонами 20.0 и 20.0
2023-08-17 19:15:10,281 INFO <module>: Получен: area = 400.0
2023-08-17 19:15:10,281 INFO <module>: Получен: perimeter = 80.0
2023-08-17 19:15:15,806 ERROR <module>: !! Значение не может быть отрицательным (a = -20.0) !!
2023-08-17 19:15:22,895 ERROR <module>: !! Аргумент не найден (a = None) !!
2023-08-17 19:15:29,100 ERROR <module>: !! Значение не может быть равным 0 (a = 0.0) !!
2023-08-17 19:15:39,276 INFO <module>: Cоздан: квадрат со сторонами 12.0 и 12.0
2023-08-17 19:15:39,277 INFO <module>: Получен: area = 144.0
2023-08-17 19:15:39,277 INFO <module>: Получен: perimeter = 48.0
2023-08-17 19:15:47,032 INFO <module>: Cоздан: прямоугольник со сторонами 12.0 и 7.0
2023-08-17 19:15:47,032 INFO <module>: Получен: area = 84.0
2023-08-17 19:15:47,032 INFO <module>: Получен: perimeter = 38.0
2023-08-17 19:15:53,560 ERROR <module>: !! Значение не может быть отрицательным (b = -7.0) !!
2023-08-17 19:16:11,110 ERROR <module>: !! Значение не может быть отрицательным (b = -312.0) !!
2023-08-17 19:16:18,666 ERROR <module>: !! Значение не может быть равным 0 (b = 0.0) !!
2023-08-17 19:16:31,229 INFO <module>: Cоздан: прямоугольник со сторонами 12.0 и 9.0
2023-08-17 19:16:31,229 INFO <module>: Получен: area = 108.0
2023-08-17 19:16:31,229 INFO <module>: Получен: perimeter = 42.0
